<?xml version="1.0" encoding="UTF-8"?>
<testng-results skipped="0" failed="0" total="1" passed="1">
  <reporter-output>
  </reporter-output>
  <suite name="Default suite" duration-ms="12348" started-at="2017-02-26T19:16:24Z" finished-at="2017-02-26T19:16:36Z">
    <groups>
    </groups>
    <test name="Default test" duration-ms="12348" started-at="2017-02-26T19:16:24Z" finished-at="2017-02-26T19:16:36Z">
      <class name="webdriver2.FirstTest">
        <test-method status="PASS" signature="setUP()[pri:0, instance:webdriver2.FirstTest@6574b225]" name="setUP" is-config="true" duration-ms="11164" started-at="2017-02-27T00:46:24Z" finished-at="2017-02-27T00:46:35Z">
          <reporter-output>
          </reporter-output>
        </test-method> <!-- setUP -->
        <test-method status="PASS" signature="runTest()[pri:0, instance:webdriver2.FirstTest@6574b225]" name="runTest" duration-ms="573" started-at="2017-02-27T00:46:35Z" finished-at="2017-02-27T00:46:36Z">
          <reporter-output>
          </reporter-output>
        </test-method> <!-- runTest -->
        <test-method status="PASS" signature="tearDown()[pri:0, instance:webdriver2.FirstTest@6574b225]" name="tearDown" is-config="true" duration-ms="596" started-at="2017-02-27T00:46:36Z" finished-at="2017-02-27T00:46:36Z">
          <reporter-output>
          </reporter-output>
        </test-method> <!-- tearDown -->
      </class> <!-- webdriver2.FirstTest -->
    </test> <!-- Default test -->
  </suite> <!-- Default suite -->
</testng-results>
